{
  "stats": {
    "suites": 3,
    "tests": 0,
    "passes": 0,
    "pending": 0,
    "failures": 0,
    "start": "2022-01-14T18:55:40.933Z",
    "end": "2022-01-14T18:55:43.161Z",
    "duration": 2228,
    "testsRegistered": 9,
    "passPercent": 0,
    "pendingPercent": 0,
    "other": 3,
    "hasOther": true,
    "skipped": 6,
    "hasSkipped": true
  },
  "results": [
    {
      "uuid": "efb3af07-adc4-4d6c-b7c9-cd84252e4d7d",
      "title": "",
      "fullFile": "cypress/integration/tela-de-login.spec.js",
      "file": "cypress/integration/tela-de-login.spec.js",
      "beforeHooks": [],
      "afterHooks": [],
      "tests": [],
      "suites": [
        {
          "uuid": "d5e8a49b-b036-45e6-a1a0-1976d075cb74",
          "title": "1 - [TELA DE LOGIN] Crie a tela de login, onde a pessoa que joga deve preencher as informações para iniciar um jogo",
          "fullFile": "",
          "file": "",
          "beforeHooks": [],
          "afterHooks": [],
          "tests": [
            {
              "title": "Será validado se é possível escrever o nome da pessoa jogadora",
              "fullTitle": "1 - [TELA DE LOGIN] Crie a tela de login, onde a pessoa que joga deve preencher as informações para iniciar um jogo Será validado se é possível escrever o nome da pessoa jogadora",
              "timedOut": null,
              "duration": 765,
              "state": "failed",
              "speed": null,
              "pass": false,
              "fail": true,
              "pending": false,
              "context": null,
              "code": "cy.get(INPUT_PLAYER_NAME_SELECTOR).type(PLAYER_NAME);",
              "err": {
                "message": "CypressError: cy.visit() failed trying to load:\n\nhttp://localhost:3000/\n\nWe attempted to make an http request to this URL but the request failed without a response.\n\nWe received this error at the network level:\n\n  > Error: connect ECONNREFUSED 127.0.0.1:3000\n\nCommon situations why this would fail:\n  - you don't have internet access\n  - you forgot to run / boot your web server\n  - your web server isn't accessible\n  - you have weird network configuration settings on your computer\n\nThe stack trace for this error is:\n\nError: connect ECONNREFUSED 127.0.0.1:3000\n    at TCPConnectWrap.afterConnect [as oncomplete] (net.js:1056:14)\n\n\nBecause this error occurred during a 'before each' hook we are skipping the remaining tests in the current suite: '1 - [TELA DE LOGIN] Crie a ...'",
                "estack": "CypressError: cy.visit() failed trying to load:\n\nhttp://localhost:3000/\n\nWe attempted to make an http request to this URL but the request failed without a response.\n\nWe received this error at the network level:\n\n  > Error: connect ECONNREFUSED 127.0.0.1:3000\n\nCommon situations why this would fail:\n  - you don't have internet access\n  - you forgot to run / boot your web server\n  - your web server isn't accessible\n  - you have weird network configuration settings on your computer\n\nThe stack trace for this error is:\n\nError: connect ECONNREFUSED 127.0.0.1:3000\n    at TCPConnectWrap.afterConnect [as oncomplete] (net.js:1056:14)\n\n\nBecause this error occurred during a 'before each' hook we are skipping the remaining tests in the current suite: '1 - [TELA DE LOGIN] Crie a ...'\n    at Object.cypressErr (http://localhost:34905/__cypress/runner/cypress_runner.js:86207:11)\n    at Object.throwErr (http://localhost:34905/__cypress/runner/cypress_runner.js:86162:18)\n    at Object.throwErrByPath (http://localhost:34905/__cypress/runner/cypress_runner.js:86194:17)\n    at http://localhost:34905/__cypress/runner/cypress_runner.js:71500:31\n    at visitFailedByErr (http://localhost:34905/__cypress/runner/cypress_runner.js:71006:12)\n    at http://localhost:34905/__cypress/runner/cypress_runner.js:71499:22\n    at tryCatcher (http://localhost:34905/__cypress/runner/cypress_runner.js:120203:23)\n    at Promise._settlePromiseFromHandler (http://localhost:34905/__cypress/runner/cypress_runner.js:118139:31)\n    at Promise._settlePromise (http://localhost:34905/__cypress/runner/cypress_runner.js:118196:18)\n    at Promise._settlePromise0 (http://localhost:34905/__cypress/runner/cypress_runner.js:118241:10)\n    at Promise._settlePromises (http://localhost:34905/__cypress/runner/cypress_runner.js:118316:18)\n    at Async../node_modules/bluebird/js/release/async.js.Async._drainQueue (http://localhost:34905/__cypress/runner/cypress_runner.js:114928:16)\n    at Async../node_modules/bluebird/js/release/async.js.Async._drainQueues (http://localhost:34905/__cypress/runner/cypress_runner.js:114938:10)\n    at Async.drainQueues (http://localhost:34905/__cypress/runner/cypress_runner.js:114812:14)",
                "diff": null
              },
              "uuid": "755c24ac-e3c0-4fcc-976f-39a1acfb4d6b",
              "parentUUID": "d5e8a49b-b036-45e6-a1a0-1976d075cb74",
              "isHook": false,
              "skipped": false
            },
            {
              "title": "Será validado se é possível escrever o email da pessoa jogadora",
              "fullTitle": "1 - [TELA DE LOGIN] Crie a tela de login, onde a pessoa que joga deve preencher as informações para iniciar um jogo Será validado se é possível escrever o email da pessoa jogadora",
              "timedOut": null,
              "duration": 0,
              "state": "skipped",
              "speed": null,
              "pass": false,
              "fail": false,
              "pending": false,
              "context": null,
              "code": "cy.get(INPUT_PLAYER_EMAIL_SELECTOR).type(PLAYER_EMAIL);",
              "err": {},
              "uuid": "4c97d987-fd9d-4dc9-8fe0-b0c730de96a2",
              "parentUUID": "d5e8a49b-b036-45e6-a1a0-1976d075cb74",
              "isHook": false,
              "skipped": true
            },
            {
              "title": "Será validado se o botão \"Play\" está desabilitado quando a pessoa jogadora não preencher nenhum campo",
              "fullTitle": "1 - [TELA DE LOGIN] Crie a tela de login, onde a pessoa que joga deve preencher as informações para iniciar um jogo Será validado se o botão \"Play\" está desabilitado quando a pessoa jogadora não preencher nenhum campo",
              "timedOut": null,
              "duration": 0,
              "state": "skipped",
              "speed": null,
              "pass": false,
              "fail": false,
              "pending": false,
              "context": null,
              "code": "cy.get(BUTTON_PLAY_SELECTOR).should('be.disabled');",
              "err": {},
              "uuid": "5a9e3876-8ff9-48f1-bc23-2a4f9fd4a4e7",
              "parentUUID": "d5e8a49b-b036-45e6-a1a0-1976d075cb74",
              "isHook": false,
              "skipped": true
            },
            {
              "title": "Será validado se o botão \"Play\" está desabilitado quando a pessoa jogadora escrever apenas o nome",
              "fullTitle": "1 - [TELA DE LOGIN] Crie a tela de login, onde a pessoa que joga deve preencher as informações para iniciar um jogo Será validado se o botão \"Play\" está desabilitado quando a pessoa jogadora escrever apenas o nome",
              "timedOut": null,
              "duration": 0,
              "state": "skipped",
              "speed": null,
              "pass": false,
              "fail": false,
              "pending": false,
              "context": null,
              "code": "cy.get(INPUT_PLAYER_NAME_SELECTOR).type(PLAYER_NAME);\ncy.get(BUTTON_PLAY_SELECTOR).should('be.disabled');",
              "err": {},
              "uuid": "561b5133-a8bc-4ba8-8aa6-e33b0b2047a0",
              "parentUUID": "d5e8a49b-b036-45e6-a1a0-1976d075cb74",
              "isHook": false,
              "skipped": true
            },
            {
              "title": "Será validado se o botão \"Play\" está desabilitado quando a pessoa jogadora escrever apenas o email",
              "fullTitle": "1 - [TELA DE LOGIN] Crie a tela de login, onde a pessoa que joga deve preencher as informações para iniciar um jogo Será validado se o botão \"Play\" está desabilitado quando a pessoa jogadora escrever apenas o email",
              "timedOut": null,
              "duration": 0,
              "state": "skipped",
              "speed": null,
              "pass": false,
              "fail": false,
              "pending": false,
              "context": null,
              "code": "cy.get(INPUT_PLAYER_EMAIL_SELECTOR).type(PLAYER_EMAIL);\ncy.get(BUTTON_PLAY_SELECTOR).should('be.disabled');",
              "err": {},
              "uuid": "b44dbadf-199e-42d5-94ba-8751e3a11e50",
              "parentUUID": "d5e8a49b-b036-45e6-a1a0-1976d075cb74",
              "isHook": false,
              "skipped": true
            },
            {
              "title": "Será validado se o botão \"Play\" está habilitado quando a pessoa jogadora preencher os campos de nome e email",
              "fullTitle": "1 - [TELA DE LOGIN] Crie a tela de login, onde a pessoa que joga deve preencher as informações para iniciar um jogo Será validado se o botão \"Play\" está habilitado quando a pessoa jogadora preencher os campos de nome e email",
              "timedOut": null,
              "duration": 0,
              "state": "skipped",
              "speed": null,
              "pass": false,
              "fail": false,
              "pending": false,
              "context": null,
              "code": "cy.get(INPUT_PLAYER_NAME_SELECTOR).type(PLAYER_NAME);\ncy.get(INPUT_PLAYER_EMAIL_SELECTOR).type(PLAYER_EMAIL);\ncy.get(BUTTON_PLAY_SELECTOR).should('not.be.disabled');",
              "err": {},
              "uuid": "e127ed85-9091-43aa-8f83-399ec4bda1c0",
              "parentUUID": "d5e8a49b-b036-45e6-a1a0-1976d075cb74",
              "isHook": false,
              "skipped": true
            }
          ],
          "suites": [],
          "passes": [],
          "failures": [
            "755c24ac-e3c0-4fcc-976f-39a1acfb4d6b"
          ],
          "pending": [],
          "skipped": [
            "4c97d987-fd9d-4dc9-8fe0-b0c730de96a2",
            "5a9e3876-8ff9-48f1-bc23-2a4f9fd4a4e7",
            "561b5133-a8bc-4ba8-8aa6-e33b0b2047a0",
            "b44dbadf-199e-42d5-94ba-8751e3a11e50",
            "e127ed85-9091-43aa-8f83-399ec4bda1c0"
          ],
          "duration": 765,
          "root": false,
          "rootEmpty": false,
          "_timeout": 2000
        },
        {
          "uuid": "ca0eba29-add5-42d4-ac11-ef0d3c8e504b",
          "title": "2 - [TELA DE LOGIN] Crie o botão de iniciar o jogo",
          "fullFile": "",
          "file": "",
          "beforeHooks": [],
          "afterHooks": [],
          "tests": [
            {
              "title": "Será validado se ao clicar no botão \"Play\" o jogo é iniciado salvando um token de jogador",
              "fullTitle": "2 - [TELA DE LOGIN] Crie o botão de iniciar o jogo Será validado se ao clicar no botão \"Play\" o jogo é iniciado salvando um token de jogador",
              "timedOut": null,
              "duration": 709,
              "state": "failed",
              "speed": null,
              "pass": false,
              "fail": true,
              "pending": false,
              "context": null,
              "code": "cy.get(INPUT_PLAYER_NAME_SELECTOR).type(PLAYER_NAME);\ncy.get(INPUT_PLAYER_EMAIL_SELECTOR).type(PLAYER_EMAIL);\ncy.get(BUTTON_PLAY_SELECTOR).click();\ncy.window().its('fetch').should('be.calledWith', FETCH_TOKEN_URL);\ncy.window().its('store').invoke('getState').then(function (state) {\n  expect(state.token).to.equal(tokenResponseMock.token);\n});",
              "err": {
                "message": "CypressError: cy.visit() failed trying to load:\n\nhttp://localhost:3000/\n\nWe attempted to make an http request to this URL but the request failed without a response.\n\nWe received this error at the network level:\n\n  > Error: connect ECONNREFUSED 127.0.0.1:3000\n\nCommon situations why this would fail:\n  - you don't have internet access\n  - you forgot to run / boot your web server\n  - your web server isn't accessible\n  - you have weird network configuration settings on your computer\n\nThe stack trace for this error is:\n\nError: connect ECONNREFUSED 127.0.0.1:3000\n    at TCPConnectWrap.afterConnect [as oncomplete] (net.js:1056:14)\n\n\nBecause this error occurred during a 'before each' hook we are skipping the remaining tests in the current suite: '2 - [TELA DE LOGIN] Crie o ...'",
                "estack": "CypressError: cy.visit() failed trying to load:\n\nhttp://localhost:3000/\n\nWe attempted to make an http request to this URL but the request failed without a response.\n\nWe received this error at the network level:\n\n  > Error: connect ECONNREFUSED 127.0.0.1:3000\n\nCommon situations why this would fail:\n  - you don't have internet access\n  - you forgot to run / boot your web server\n  - your web server isn't accessible\n  - you have weird network configuration settings on your computer\n\nThe stack trace for this error is:\n\nError: connect ECONNREFUSED 127.0.0.1:3000\n    at TCPConnectWrap.afterConnect [as oncomplete] (net.js:1056:14)\n\n\nBecause this error occurred during a 'before each' hook we are skipping the remaining tests in the current suite: '2 - [TELA DE LOGIN] Crie o ...'\n    at Object.cypressErr (http://localhost:34905/__cypress/runner/cypress_runner.js:86207:11)\n    at Object.throwErr (http://localhost:34905/__cypress/runner/cypress_runner.js:86162:18)\n    at Object.throwErrByPath (http://localhost:34905/__cypress/runner/cypress_runner.js:86194:17)\n    at http://localhost:34905/__cypress/runner/cypress_runner.js:71500:31\n    at visitFailedByErr (http://localhost:34905/__cypress/runner/cypress_runner.js:71006:12)\n    at http://localhost:34905/__cypress/runner/cypress_runner.js:71499:22\n    at tryCatcher (http://localhost:34905/__cypress/runner/cypress_runner.js:120203:23)\n    at Promise._settlePromiseFromHandler (http://localhost:34905/__cypress/runner/cypress_runner.js:118139:31)\n    at Promise._settlePromise (http://localhost:34905/__cypress/runner/cypress_runner.js:118196:18)\n    at Promise._settlePromise0 (http://localhost:34905/__cypress/runner/cypress_runner.js:118241:10)\n    at Promise._settlePromises (http://localhost:34905/__cypress/runner/cypress_runner.js:118316:18)\n    at Async../node_modules/bluebird/js/release/async.js.Async._drainQueue (http://localhost:34905/__cypress/runner/cypress_runner.js:114928:16)\n    at Async../node_modules/bluebird/js/release/async.js.Async._drainQueues (http://localhost:34905/__cypress/runner/cypress_runner.js:114938:10)\n    at Async.drainQueues (http://localhost:34905/__cypress/runner/cypress_runner.js:114812:14)",
                "diff": null
              },
              "uuid": "c942866a-8a36-461e-bd2d-d1b726e05dea",
              "parentUUID": "ca0eba29-add5-42d4-ac11-ef0d3c8e504b",
              "isHook": false,
              "skipped": false
            }
          ],
          "suites": [],
          "passes": [],
          "failures": [
            "c942866a-8a36-461e-bd2d-d1b726e05dea"
          ],
          "pending": [],
          "skipped": [],
          "duration": 709,
          "root": false,
          "rootEmpty": false,
          "_timeout": 2000
        },
        {
          "uuid": "b194c409-dfd7-4503-b1ff-928120ffb9dd",
          "title": "3 - [TELA DE LOGIN] Crie um botão na tela inicial que leve para a tela de configurações",
          "fullFile": "",
          "file": "",
          "beforeHooks": [],
          "afterHooks": [],
          "tests": [
            {
              "title": "Será validado se o botão existe na página",
              "fullTitle": "3 - [TELA DE LOGIN] Crie um botão na tela inicial que leve para a tela de configurações Será validado se o botão existe na página",
              "timedOut": null,
              "duration": 705,
              "state": "failed",
              "speed": null,
              "pass": false,
              "fail": true,
              "pending": false,
              "context": null,
              "code": "cy.get(BUTTON_SETTINGS_SELECTOR).should('exist');",
              "err": {
                "message": "CypressError: cy.visit() failed trying to load:\n\nhttp://localhost:3000/\n\nWe attempted to make an http request to this URL but the request failed without a response.\n\nWe received this error at the network level:\n\n  > Error: connect ECONNREFUSED 127.0.0.1:3000\n\nCommon situations why this would fail:\n  - you don't have internet access\n  - you forgot to run / boot your web server\n  - your web server isn't accessible\n  - you have weird network configuration settings on your computer\n\nThe stack trace for this error is:\n\nError: connect ECONNREFUSED 127.0.0.1:3000\n    at TCPConnectWrap.afterConnect [as oncomplete] (net.js:1056:14)\n\n\nBecause this error occurred during a 'before each' hook we are skipping the remaining tests in the current suite: '3 - [TELA DE LOGIN] Crie um...'",
                "estack": "CypressError: cy.visit() failed trying to load:\n\nhttp://localhost:3000/\n\nWe attempted to make an http request to this URL but the request failed without a response.\n\nWe received this error at the network level:\n\n  > Error: connect ECONNREFUSED 127.0.0.1:3000\n\nCommon situations why this would fail:\n  - you don't have internet access\n  - you forgot to run / boot your web server\n  - your web server isn't accessible\n  - you have weird network configuration settings on your computer\n\nThe stack trace for this error is:\n\nError: connect ECONNREFUSED 127.0.0.1:3000\n    at TCPConnectWrap.afterConnect [as oncomplete] (net.js:1056:14)\n\n\nBecause this error occurred during a 'before each' hook we are skipping the remaining tests in the current suite: '3 - [TELA DE LOGIN] Crie um...'\n    at Object.cypressErr (http://localhost:34905/__cypress/runner/cypress_runner.js:86207:11)\n    at Object.throwErr (http://localhost:34905/__cypress/runner/cypress_runner.js:86162:18)\n    at Object.throwErrByPath (http://localhost:34905/__cypress/runner/cypress_runner.js:86194:17)\n    at http://localhost:34905/__cypress/runner/cypress_runner.js:71500:31\n    at visitFailedByErr (http://localhost:34905/__cypress/runner/cypress_runner.js:71006:12)\n    at http://localhost:34905/__cypress/runner/cypress_runner.js:71499:22\n    at tryCatcher (http://localhost:34905/__cypress/runner/cypress_runner.js:120203:23)\n    at Promise._settlePromiseFromHandler (http://localhost:34905/__cypress/runner/cypress_runner.js:118139:31)\n    at Promise._settlePromise (http://localhost:34905/__cypress/runner/cypress_runner.js:118196:18)\n    at Promise._settlePromise0 (http://localhost:34905/__cypress/runner/cypress_runner.js:118241:10)\n    at Promise._settlePromises (http://localhost:34905/__cypress/runner/cypress_runner.js:118316:18)\n    at Async../node_modules/bluebird/js/release/async.js.Async._drainQueue (http://localhost:34905/__cypress/runner/cypress_runner.js:114928:16)\n    at Async../node_modules/bluebird/js/release/async.js.Async._drainQueues (http://localhost:34905/__cypress/runner/cypress_runner.js:114938:10)\n    at Async.drainQueues (http://localhost:34905/__cypress/runner/cypress_runner.js:114812:14)",
                "diff": null
              },
              "uuid": "3fc4383b-5024-4bd9-87ab-036e32702d66",
              "parentUUID": "b194c409-dfd7-4503-b1ff-928120ffb9dd",
              "isHook": false,
              "skipped": false
            },
            {
              "title": "Será validado se a tela de configurações possui um título",
              "fullTitle": "3 - [TELA DE LOGIN] Crie um botão na tela inicial que leve para a tela de configurações Será validado se a tela de configurações possui um título",
              "timedOut": null,
              "duration": 0,
              "state": "skipped",
              "speed": null,
              "pass": false,
              "fail": false,
              "pending": false,
              "context": null,
              "code": "cy.get(BUTTON_SETTINGS_SELECTOR).click();\ncy.get(SETTINGS_TITLE_SELECTOR).should('exist');",
              "err": {},
              "uuid": "dba0e55f-9bb1-4a95-b8e6-24f88d726144",
              "parentUUID": "b194c409-dfd7-4503-b1ff-928120ffb9dd",
              "isHook": false,
              "skipped": true
            }
          ],
          "suites": [],
          "passes": [],
          "failures": [
            "3fc4383b-5024-4bd9-87ab-036e32702d66"
          ],
          "pending": [],
          "skipped": [
            "dba0e55f-9bb1-4a95-b8e6-24f88d726144"
          ],
          "duration": 705,
          "root": false,
          "rootEmpty": false,
          "_timeout": 2000
        }
      ],
      "passes": [],
      "failures": [],
      "pending": [],
      "skipped": [],
      "duration": 0,
      "root": true,
      "rootEmpty": true,
      "_timeout": 2000
    }
  ],
  "meta": {
    "mocha": {
      "version": "7.2.0"
    },
    "mochawesome": {
      "options": {
        "quiet": false,
        "reportFilename": "mochawesome",
        "saveHtml": false,
        "saveJson": true,
        "consoleReporter": "spec",
        "useInlineDiffs": false,
        "code": true
      },
      "version": "6.3.1"
    },
    "marge": {
      "options": {
        "id": "default",
        "reportDir": "cypress/reports",
        "overwrite": false,
        "html": false,
        "json": true
      },
      "version": "5.2.0"
    }
  }
}