{
  "stats": {
    "suites": 5,
    "tests": 0,
    "passes": 0,
    "pending": 0,
    "failures": 0,
    "start": "2022-01-14T18:55:28.602Z",
    "end": "2022-01-14T18:55:32.268Z",
    "duration": 3666,
    "testsRegistered": 11,
    "passPercent": 0,
    "pendingPercent": 0,
    "other": 5,
    "hasOther": true,
    "skipped": 6,
    "hasSkipped": true
  },
  "results": [
    {
      "uuid": "62423570-3aae-4c64-b827-4a1cf3d8d824",
      "title": "",
      "fullFile": "cypress/integration/tela-de-feedback.spec.js",
      "file": "cypress/integration/tela-de-feedback.spec.js",
      "beforeHooks": [],
      "afterHooks": [],
      "tests": [],
      "suites": [
        {
          "uuid": "33e00636-d7b5-4364-8ba7-941989ce0e68",
          "title": "12 - [TELA DE FEEDBACK] Desenvolva o header de _feedback_ que deve conter as informações da pessoa jogadora",
          "fullFile": "",
          "file": "",
          "beforeHooks": [],
          "afterHooks": [],
          "tests": [
            {
              "title": "Será validado se a imagem do Gravatar está presente no header",
              "fullTitle": "12 - [TELA DE FEEDBACK] Desenvolva o header de _feedback_ que deve conter as informações da pessoa jogadora Será validado se a imagem do Gravatar está presente no header",
              "timedOut": null,
              "duration": 771,
              "state": "failed",
              "speed": null,
              "pass": false,
              "fail": true,
              "pending": false,
              "context": null,
              "code": "cy.get(HEADER_IMAGE_SELECTOR).should('exist');",
              "err": {
                "message": "CypressError: cy.visit() failed trying to load:\n\nhttp://localhost:3000/\n\nWe attempted to make an http request to this URL but the request failed without a response.\n\nWe received this error at the network level:\n\n  > Error: connect ECONNREFUSED 127.0.0.1:3000\n\nCommon situations why this would fail:\n  - you don't have internet access\n  - you forgot to run / boot your web server\n  - your web server isn't accessible\n  - you have weird network configuration settings on your computer\n\nThe stack trace for this error is:\n\nError: connect ECONNREFUSED 127.0.0.1:3000\n    at TCPConnectWrap.afterConnect [as oncomplete] (net.js:1056:14)\n\n\nBecause this error occurred during a 'before each' hook we are skipping the remaining tests in the current suite: '12 - [TELA DE FEEDBACK] Des...'",
                "estack": "CypressError: cy.visit() failed trying to load:\n\nhttp://localhost:3000/\n\nWe attempted to make an http request to this URL but the request failed without a response.\n\nWe received this error at the network level:\n\n  > Error: connect ECONNREFUSED 127.0.0.1:3000\n\nCommon situations why this would fail:\n  - you don't have internet access\n  - you forgot to run / boot your web server\n  - your web server isn't accessible\n  - you have weird network configuration settings on your computer\n\nThe stack trace for this error is:\n\nError: connect ECONNREFUSED 127.0.0.1:3000\n    at TCPConnectWrap.afterConnect [as oncomplete] (net.js:1056:14)\n\n\nBecause this error occurred during a 'before each' hook we are skipping the remaining tests in the current suite: '12 - [TELA DE FEEDBACK] Des...'\n    at Object.cypressErr (http://localhost:34905/__cypress/runner/cypress_runner.js:86207:11)\n    at Object.throwErr (http://localhost:34905/__cypress/runner/cypress_runner.js:86162:18)\n    at Object.throwErrByPath (http://localhost:34905/__cypress/runner/cypress_runner.js:86194:17)\n    at http://localhost:34905/__cypress/runner/cypress_runner.js:71500:31\n    at visitFailedByErr (http://localhost:34905/__cypress/runner/cypress_runner.js:71006:12)\n    at http://localhost:34905/__cypress/runner/cypress_runner.js:71499:22\n    at tryCatcher (http://localhost:34905/__cypress/runner/cypress_runner.js:120203:23)\n    at Promise._settlePromiseFromHandler (http://localhost:34905/__cypress/runner/cypress_runner.js:118139:31)\n    at Promise._settlePromise (http://localhost:34905/__cypress/runner/cypress_runner.js:118196:18)\n    at Promise._settlePromise0 (http://localhost:34905/__cypress/runner/cypress_runner.js:118241:10)\n    at Promise._settlePromises (http://localhost:34905/__cypress/runner/cypress_runner.js:118316:18)\n    at Async../node_modules/bluebird/js/release/async.js.Async._drainQueue (http://localhost:34905/__cypress/runner/cypress_runner.js:114928:16)\n    at Async../node_modules/bluebird/js/release/async.js.Async._drainQueues (http://localhost:34905/__cypress/runner/cypress_runner.js:114938:10)\n    at Async.drainQueues (http://localhost:34905/__cypress/runner/cypress_runner.js:114812:14)",
                "diff": null
              },
              "uuid": "88215b8e-0e4d-4624-9586-4ece6d759e7e",
              "parentUUID": "33e00636-d7b5-4364-8ba7-941989ce0e68",
              "isHook": false,
              "skipped": false
            },
            {
              "title": "Será validado se o nome da pessoa está presente no header",
              "fullTitle": "12 - [TELA DE FEEDBACK] Desenvolva o header de _feedback_ que deve conter as informações da pessoa jogadora Será validado se o nome da pessoa está presente no header",
              "timedOut": null,
              "duration": 0,
              "state": "skipped",
              "speed": null,
              "pass": false,
              "fail": false,
              "pending": false,
              "context": null,
              "code": "cy.get(HEADER_NAME_SELECTOR).contains(name);",
              "err": {},
              "uuid": "a59e135f-4e35-4c50-bf8c-dcda41665980",
              "parentUUID": "33e00636-d7b5-4364-8ba7-941989ce0e68",
              "isHook": false,
              "skipped": true
            },
            {
              "title": "Será validado se o placar com o valor atual está presente no header",
              "fullTitle": "12 - [TELA DE FEEDBACK] Desenvolva o header de _feedback_ que deve conter as informações da pessoa jogadora Será validado se o placar com o valor atual está presente no header",
              "timedOut": null,
              "duration": 0,
              "state": "skipped",
              "speed": null,
              "pass": false,
              "fail": false,
              "pending": false,
              "context": null,
              "code": "var lastScore;\ncy.window().its('store').invoke('getState').then(function (state) {\n  lastScore = state.player.score;\n});\ncy.get(HEADER_SCORE_SELECTOR).should(function ($el) {\n  expect(parseInt($el.text())).to.be.eq(lastScore);\n});",
              "err": {},
              "uuid": "47213721-88a9-4669-875f-9c2c2695ba1f",
              "parentUUID": "33e00636-d7b5-4364-8ba7-941989ce0e68",
              "isHook": false,
              "skipped": true
            }
          ],
          "suites": [],
          "passes": [],
          "failures": [
            "88215b8e-0e4d-4624-9586-4ece6d759e7e"
          ],
          "pending": [],
          "skipped": [
            "a59e135f-4e35-4c50-bf8c-dcda41665980",
            "47213721-88a9-4669-875f-9c2c2695ba1f"
          ],
          "duration": 771,
          "root": false,
          "rootEmpty": false,
          "_timeout": 2000
        },
        {
          "uuid": "aebb04e3-697e-4a88-a8ab-ede4164593b0",
          "title": "13 - [TELA DE FEEDBACK] Crie a mensagem de _feedback_ para ser exibida a pessoa usuária",
          "fullFile": "",
          "file": "",
          "beforeHooks": [],
          "afterHooks": [],
          "tests": [
            {
              "title": "Será validado se ao acertar menos de 3 perguntas a mensagem de _feedback_ é \"Could be better...\"",
              "fullTitle": "13 - [TELA DE FEEDBACK] Crie a mensagem de _feedback_ para ser exibida a pessoa usuária Será validado se ao acertar menos de 3 perguntas a mensagem de _feedback_ é \"Could be better...\"",
              "timedOut": null,
              "duration": 717,
              "state": "failed",
              "speed": null,
              "pass": false,
              "fail": true,
              "pending": false,
              "context": null,
              "code": "cy.get(CORRECT_ALTERNATIVE_SELECTOR).click();\ncy.get(BUTTON_NEXT_QUESTION_SELECTOR).click();\ncy.get(CORRECT_ALTERNATIVE_SELECTOR).click();\ncy.get(BUTTON_NEXT_QUESTION_SELECTOR).click();\ncy.get(WRONG_ALTERNATIVES_SELECTOR).first().click();\ncy.get(BUTTON_NEXT_QUESTION_SELECTOR).click();\ncy.get(WRONG_ALTERNATIVES_SELECTOR).first().click();\ncy.get(BUTTON_NEXT_QUESTION_SELECTOR).click();\ncy.get(WRONG_ALTERNATIVES_SELECTOR).first().click();\ncy.get(BUTTON_NEXT_QUESTION_SELECTOR).click();\ncy.get(FEEDBACK_TEXT_SELECTOR).contains('Could be better...');",
              "err": {
                "message": "CypressError: cy.visit() failed trying to load:\n\nhttp://localhost:3000/\n\nWe attempted to make an http request to this URL but the request failed without a response.\n\nWe received this error at the network level:\n\n  > Error: connect ECONNREFUSED 127.0.0.1:3000\n\nCommon situations why this would fail:\n  - you don't have internet access\n  - you forgot to run / boot your web server\n  - your web server isn't accessible\n  - you have weird network configuration settings on your computer\n\nThe stack trace for this error is:\n\nError: connect ECONNREFUSED 127.0.0.1:3000\n    at TCPConnectWrap.afterConnect [as oncomplete] (net.js:1056:14)\n\n\nBecause this error occurred during a 'before each' hook we are skipping the remaining tests in the current suite: '13 - [TELA DE FEEDBACK] Cri...'",
                "estack": "CypressError: cy.visit() failed trying to load:\n\nhttp://localhost:3000/\n\nWe attempted to make an http request to this URL but the request failed without a response.\n\nWe received this error at the network level:\n\n  > Error: connect ECONNREFUSED 127.0.0.1:3000\n\nCommon situations why this would fail:\n  - you don't have internet access\n  - you forgot to run / boot your web server\n  - your web server isn't accessible\n  - you have weird network configuration settings on your computer\n\nThe stack trace for this error is:\n\nError: connect ECONNREFUSED 127.0.0.1:3000\n    at TCPConnectWrap.afterConnect [as oncomplete] (net.js:1056:14)\n\n\nBecause this error occurred during a 'before each' hook we are skipping the remaining tests in the current suite: '13 - [TELA DE FEEDBACK] Cri...'\n    at Object.cypressErr (http://localhost:34905/__cypress/runner/cypress_runner.js:86207:11)\n    at Object.throwErr (http://localhost:34905/__cypress/runner/cypress_runner.js:86162:18)\n    at Object.throwErrByPath (http://localhost:34905/__cypress/runner/cypress_runner.js:86194:17)\n    at http://localhost:34905/__cypress/runner/cypress_runner.js:71500:31\n    at visitFailedByErr (http://localhost:34905/__cypress/runner/cypress_runner.js:71006:12)\n    at http://localhost:34905/__cypress/runner/cypress_runner.js:71499:22\n    at tryCatcher (http://localhost:34905/__cypress/runner/cypress_runner.js:120203:23)\n    at Promise._settlePromiseFromHandler (http://localhost:34905/__cypress/runner/cypress_runner.js:118139:31)\n    at Promise._settlePromise (http://localhost:34905/__cypress/runner/cypress_runner.js:118196:18)\n    at Promise._settlePromise0 (http://localhost:34905/__cypress/runner/cypress_runner.js:118241:10)\n    at Promise._settlePromises (http://localhost:34905/__cypress/runner/cypress_runner.js:118316:18)\n    at Async../node_modules/bluebird/js/release/async.js.Async._drainQueue (http://localhost:34905/__cypress/runner/cypress_runner.js:114928:16)\n    at Async../node_modules/bluebird/js/release/async.js.Async._drainQueues (http://localhost:34905/__cypress/runner/cypress_runner.js:114938:10)\n    at Async.drainQueues (http://localhost:34905/__cypress/runner/cypress_runner.js:114812:14)",
                "diff": null
              },
              "uuid": "f49c30c7-1bf7-4863-90bb-c9424a7b31be",
              "parentUUID": "aebb04e3-697e-4a88-a8ab-ede4164593b0",
              "isHook": false,
              "skipped": false
            },
            {
              "title": "Será validado se ao acertar 3 perguntas a mensagem de _feedback_ é \"Well Done!\"",
              "fullTitle": "13 - [TELA DE FEEDBACK] Crie a mensagem de _feedback_ para ser exibida a pessoa usuária Será validado se ao acertar 3 perguntas a mensagem de _feedback_ é \"Well Done!\"",
              "timedOut": null,
              "duration": 0,
              "state": "skipped",
              "speed": null,
              "pass": false,
              "fail": false,
              "pending": false,
              "context": null,
              "code": "cy.get(WRONG_ALTERNATIVES_SELECTOR).first().click();\ncy.get(BUTTON_NEXT_QUESTION_SELECTOR).click();\ncy.get(CORRECT_ALTERNATIVE_SELECTOR).click();\ncy.get(BUTTON_NEXT_QUESTION_SELECTOR).click();\ncy.get(WRONG_ALTERNATIVES_SELECTOR).first().click();\ncy.get(BUTTON_NEXT_QUESTION_SELECTOR).click();\ncy.get(CORRECT_ALTERNATIVE_SELECTOR).first().click();\ncy.get(BUTTON_NEXT_QUESTION_SELECTOR).click();\ncy.get(CORRECT_ALTERNATIVE_SELECTOR).click();\ncy.get(BUTTON_NEXT_QUESTION_SELECTOR).click();\ncy.get(FEEDBACK_TEXT_SELECTOR).contains('Well Done!');",
              "err": {},
              "uuid": "b9884956-97af-4921-a3b6-7fa24a793607",
              "parentUUID": "aebb04e3-697e-4a88-a8ab-ede4164593b0",
              "isHook": false,
              "skipped": true
            },
            {
              "title": "Será validado se ao acertar mais de 3 perguntas a mensagem de _feedback_ é \"Well Done!\"",
              "fullTitle": "13 - [TELA DE FEEDBACK] Crie a mensagem de _feedback_ para ser exibida a pessoa usuária Será validado se ao acertar mais de 3 perguntas a mensagem de _feedback_ é \"Well Done!\"",
              "timedOut": null,
              "duration": 0,
              "state": "skipped",
              "speed": null,
              "pass": false,
              "fail": false,
              "pending": false,
              "context": null,
              "code": "cy.get(CORRECT_ALTERNATIVE_SELECTOR).click();\ncy.get(BUTTON_NEXT_QUESTION_SELECTOR).click();\ncy.get(CORRECT_ALTERNATIVE_SELECTOR).click();\ncy.get(BUTTON_NEXT_QUESTION_SELECTOR).click();\ncy.get(WRONG_ALTERNATIVES_SELECTOR).first().click();\ncy.get(BUTTON_NEXT_QUESTION_SELECTOR).click();\ncy.get(CORRECT_ALTERNATIVE_SELECTOR).click();\ncy.get(BUTTON_NEXT_QUESTION_SELECTOR).click();\ncy.get(CORRECT_ALTERNATIVE_SELECTOR).click();\ncy.get(BUTTON_NEXT_QUESTION_SELECTOR).click();\ncy.get(FEEDBACK_TEXT_SELECTOR).contains('Well Done!');",
              "err": {},
              "uuid": "f77b4fca-8c1e-4eea-a510-114d0d8a7fbc",
              "parentUUID": "aebb04e3-697e-4a88-a8ab-ede4164593b0",
              "isHook": false,
              "skipped": true
            }
          ],
          "suites": [],
          "passes": [],
          "failures": [
            "f49c30c7-1bf7-4863-90bb-c9424a7b31be"
          ],
          "pending": [],
          "skipped": [
            "b9884956-97af-4921-a3b6-7fa24a793607",
            "f77b4fca-8c1e-4eea-a510-114d0d8a7fbc"
          ],
          "duration": 717,
          "root": false,
          "rootEmpty": false,
          "_timeout": 2000
        },
        {
          "uuid": "74bfe673-f0c6-4dfd-bdef-1c0cfcd27ee3",
          "title": "14 - [TELA DE FEEDBACK] Exiba as informações relacionadas aos resultados obtidos para a pessoa usuária",
          "fullFile": "",
          "file": "",
          "beforeHooks": [],
          "afterHooks": [],
          "tests": [
            {
              "title": "Será validado se o número exibido é correto quando a pessoa usuária não acerta nenhuma pergunta",
              "fullTitle": "14 - [TELA DE FEEDBACK] Exiba as informações relacionadas aos resultados obtidos para a pessoa usuária Será validado se o número exibido é correto quando a pessoa usuária não acerta nenhuma pergunta",
              "timedOut": null,
              "duration": 700,
              "state": "failed",
              "speed": null,
              "pass": false,
              "fail": true,
              "pending": false,
              "context": null,
              "code": "cy.get(WRONG_ALTERNATIVES_SELECTOR).first().click();\ncy.get(BUTTON_NEXT_QUESTION_SELECTOR).click();\ncy.get(WRONG_ALTERNATIVES_SELECTOR).first().click();\ncy.get(BUTTON_NEXT_QUESTION_SELECTOR).click();\ncy.get(WRONG_ALTERNATIVES_SELECTOR).first().click();\ncy.get(BUTTON_NEXT_QUESTION_SELECTOR).click();\ncy.get(WRONG_ALTERNATIVES_SELECTOR).first().click();\ncy.get(BUTTON_NEXT_QUESTION_SELECTOR).click();\ncy.get(WRONG_ALTERNATIVES_SELECTOR).first().click();\ncy.get(BUTTON_NEXT_QUESTION_SELECTOR).click();\nverifyFeedbackInfo();",
              "err": {
                "message": "CypressError: cy.visit() failed trying to load:\n\nhttp://localhost:3000/\n\nWe attempted to make an http request to this URL but the request failed without a response.\n\nWe received this error at the network level:\n\n  > Error: connect ECONNREFUSED 127.0.0.1:3000\n\nCommon situations why this would fail:\n  - you don't have internet access\n  - you forgot to run / boot your web server\n  - your web server isn't accessible\n  - you have weird network configuration settings on your computer\n\nThe stack trace for this error is:\n\nError: connect ECONNREFUSED 127.0.0.1:3000\n    at TCPConnectWrap.afterConnect [as oncomplete] (net.js:1056:14)\n\n\nBecause this error occurred during a 'before each' hook we are skipping the remaining tests in the current suite: '14 - [TELA DE FEEDBACK] Exi...'",
                "estack": "CypressError: cy.visit() failed trying to load:\n\nhttp://localhost:3000/\n\nWe attempted to make an http request to this URL but the request failed without a response.\n\nWe received this error at the network level:\n\n  > Error: connect ECONNREFUSED 127.0.0.1:3000\n\nCommon situations why this would fail:\n  - you don't have internet access\n  - you forgot to run / boot your web server\n  - your web server isn't accessible\n  - you have weird network configuration settings on your computer\n\nThe stack trace for this error is:\n\nError: connect ECONNREFUSED 127.0.0.1:3000\n    at TCPConnectWrap.afterConnect [as oncomplete] (net.js:1056:14)\n\n\nBecause this error occurred during a 'before each' hook we are skipping the remaining tests in the current suite: '14 - [TELA DE FEEDBACK] Exi...'\n    at Object.cypressErr (http://localhost:34905/__cypress/runner/cypress_runner.js:86207:11)\n    at Object.throwErr (http://localhost:34905/__cypress/runner/cypress_runner.js:86162:18)\n    at Object.throwErrByPath (http://localhost:34905/__cypress/runner/cypress_runner.js:86194:17)\n    at http://localhost:34905/__cypress/runner/cypress_runner.js:71500:31\n    at visitFailedByErr (http://localhost:34905/__cypress/runner/cypress_runner.js:71006:12)\n    at http://localhost:34905/__cypress/runner/cypress_runner.js:71499:22\n    at tryCatcher (http://localhost:34905/__cypress/runner/cypress_runner.js:120203:23)\n    at Promise._settlePromiseFromHandler (http://localhost:34905/__cypress/runner/cypress_runner.js:118139:31)\n    at Promise._settlePromise (http://localhost:34905/__cypress/runner/cypress_runner.js:118196:18)\n    at Promise._settlePromise0 (http://localhost:34905/__cypress/runner/cypress_runner.js:118241:10)\n    at Promise._settlePromises (http://localhost:34905/__cypress/runner/cypress_runner.js:118316:18)\n    at Async../node_modules/bluebird/js/release/async.js.Async._drainQueue (http://localhost:34905/__cypress/runner/cypress_runner.js:114928:16)\n    at Async../node_modules/bluebird/js/release/async.js.Async._drainQueues (http://localhost:34905/__cypress/runner/cypress_runner.js:114938:10)\n    at Async.drainQueues (http://localhost:34905/__cypress/runner/cypress_runner.js:114812:14)",
                "diff": null
              },
              "uuid": "8700fa2f-aa00-4db1-967d-33f6221abf34",
              "parentUUID": "74bfe673-f0c6-4dfd-bdef-1c0cfcd27ee3",
              "isHook": false,
              "skipped": false
            },
            {
              "title": "Será validado se o número exibido é correto quando a pessoa usuária acerta 2 perguntas",
              "fullTitle": "14 - [TELA DE FEEDBACK] Exiba as informações relacionadas aos resultados obtidos para a pessoa usuária Será validado se o número exibido é correto quando a pessoa usuária acerta 2 perguntas",
              "timedOut": null,
              "duration": 0,
              "state": "skipped",
              "speed": null,
              "pass": false,
              "fail": false,
              "pending": false,
              "context": null,
              "code": "cy.get(CORRECT_ALTERNATIVE_SELECTOR).click();\ncy.get(BUTTON_NEXT_QUESTION_SELECTOR).click();\ncy.get(CORRECT_ALTERNATIVE_SELECTOR).click();\ncy.get(BUTTON_NEXT_QUESTION_SELECTOR).click();\ncy.get(WRONG_ALTERNATIVES_SELECTOR).first().click();\ncy.get(BUTTON_NEXT_QUESTION_SELECTOR).click();\ncy.get(WRONG_ALTERNATIVES_SELECTOR).first().click();\ncy.get(BUTTON_NEXT_QUESTION_SELECTOR).click();\ncy.get(WRONG_ALTERNATIVES_SELECTOR).first().click();\ncy.get(BUTTON_NEXT_QUESTION_SELECTOR).click();\nverifyFeedbackInfo();",
              "err": {},
              "uuid": "0c135b92-7aba-43f4-9de7-191b3d04aa8c",
              "parentUUID": "74bfe673-f0c6-4dfd-bdef-1c0cfcd27ee3",
              "isHook": false,
              "skipped": true
            },
            {
              "title": "Será validado se o número exibido é correto quando a pessoa usuária acerta 4 perguntas",
              "fullTitle": "14 - [TELA DE FEEDBACK] Exiba as informações relacionadas aos resultados obtidos para a pessoa usuária Será validado se o número exibido é correto quando a pessoa usuária acerta 4 perguntas",
              "timedOut": null,
              "duration": 0,
              "state": "skipped",
              "speed": null,
              "pass": false,
              "fail": false,
              "pending": false,
              "context": null,
              "code": "cy.get(CORRECT_ALTERNATIVE_SELECTOR).click();\ncy.get(BUTTON_NEXT_QUESTION_SELECTOR).click();\ncy.get(CORRECT_ALTERNATIVE_SELECTOR).click();\ncy.get(BUTTON_NEXT_QUESTION_SELECTOR).click();\ncy.get(CORRECT_ALTERNATIVE_SELECTOR).click();\ncy.get(BUTTON_NEXT_QUESTION_SELECTOR).click();\ncy.get(WRONG_ALTERNATIVES_SELECTOR).first().click();\ncy.get(BUTTON_NEXT_QUESTION_SELECTOR).click();\ncy.get(CORRECT_ALTERNATIVE_SELECTOR).click();\ncy.get(BUTTON_NEXT_QUESTION_SELECTOR).click();\nverifyFeedbackInfo();",
              "err": {},
              "uuid": "d550620b-ce38-4c44-843b-ef5f693ebbcb",
              "parentUUID": "74bfe673-f0c6-4dfd-bdef-1c0cfcd27ee3",
              "isHook": false,
              "skipped": true
            }
          ],
          "suites": [],
          "passes": [],
          "failures": [
            "8700fa2f-aa00-4db1-967d-33f6221abf34"
          ],
          "pending": [],
          "skipped": [
            "0c135b92-7aba-43f4-9de7-191b3d04aa8c",
            "d550620b-ce38-4c44-843b-ef5f693ebbcb"
          ],
          "duration": 700,
          "root": false,
          "rootEmpty": false,
          "_timeout": 2000
        },
        {
          "uuid": "3b31ff7e-eef0-477b-9936-5ff94107dfd3",
          "title": "15 - [TELA DE FEEDBACK] Crie a opção para a pessoa jogadora poder jogar novamente",
          "fullFile": "",
          "file": "",
          "beforeHooks": [],
          "afterHooks": [],
          "tests": [
            {
              "title": "Será validado se a pessoa é redirecionada para tela inicial ao clicar no botão \"Play Again\"",
              "fullTitle": "15 - [TELA DE FEEDBACK] Crie a opção para a pessoa jogadora poder jogar novamente Será validado se a pessoa é redirecionada para tela inicial ao clicar no botão \"Play Again\"",
              "timedOut": null,
              "duration": 688,
              "state": "failed",
              "speed": null,
              "pass": false,
              "fail": true,
              "pending": false,
              "context": null,
              "code": "cy.get(BUTTON_PLAY_AGAIN_SELECTOR).click();\ncy.get(INPUT_PLAYER_EMAIL_SELECTOR).should('exist');",
              "err": {
                "message": "CypressError: cy.visit() failed trying to load:\n\nhttp://localhost:3000/\n\nWe attempted to make an http request to this URL but the request failed without a response.\n\nWe received this error at the network level:\n\n  > Error: connect ECONNREFUSED 127.0.0.1:3000\n\nCommon situations why this would fail:\n  - you don't have internet access\n  - you forgot to run / boot your web server\n  - your web server isn't accessible\n  - you have weird network configuration settings on your computer\n\nThe stack trace for this error is:\n\nError: connect ECONNREFUSED 127.0.0.1:3000\n    at TCPConnectWrap.afterConnect [as oncomplete] (net.js:1056:14)\n\n\nBecause this error occurred during a 'before each' hook we are skipping the remaining tests in the current suite: '15 - [TELA DE FEEDBACK] Cri...'",
                "estack": "CypressError: cy.visit() failed trying to load:\n\nhttp://localhost:3000/\n\nWe attempted to make an http request to this URL but the request failed without a response.\n\nWe received this error at the network level:\n\n  > Error: connect ECONNREFUSED 127.0.0.1:3000\n\nCommon situations why this would fail:\n  - you don't have internet access\n  - you forgot to run / boot your web server\n  - your web server isn't accessible\n  - you have weird network configuration settings on your computer\n\nThe stack trace for this error is:\n\nError: connect ECONNREFUSED 127.0.0.1:3000\n    at TCPConnectWrap.afterConnect [as oncomplete] (net.js:1056:14)\n\n\nBecause this error occurred during a 'before each' hook we are skipping the remaining tests in the current suite: '15 - [TELA DE FEEDBACK] Cri...'\n    at Object.cypressErr (http://localhost:34905/__cypress/runner/cypress_runner.js:86207:11)\n    at Object.throwErr (http://localhost:34905/__cypress/runner/cypress_runner.js:86162:18)\n    at Object.throwErrByPath (http://localhost:34905/__cypress/runner/cypress_runner.js:86194:17)\n    at http://localhost:34905/__cypress/runner/cypress_runner.js:71500:31\n    at visitFailedByErr (http://localhost:34905/__cypress/runner/cypress_runner.js:71006:12)\n    at http://localhost:34905/__cypress/runner/cypress_runner.js:71499:22\n    at tryCatcher (http://localhost:34905/__cypress/runner/cypress_runner.js:120203:23)\n    at Promise._settlePromiseFromHandler (http://localhost:34905/__cypress/runner/cypress_runner.js:118139:31)\n    at Promise._settlePromise (http://localhost:34905/__cypress/runner/cypress_runner.js:118196:18)\n    at Promise._settlePromise0 (http://localhost:34905/__cypress/runner/cypress_runner.js:118241:10)\n    at Promise._settlePromises (http://localhost:34905/__cypress/runner/cypress_runner.js:118316:18)\n    at Async../node_modules/bluebird/js/release/async.js.Async._drainQueue (http://localhost:34905/__cypress/runner/cypress_runner.js:114928:16)\n    at Async../node_modules/bluebird/js/release/async.js.Async._drainQueues (http://localhost:34905/__cypress/runner/cypress_runner.js:114938:10)\n    at Async.drainQueues (http://localhost:34905/__cypress/runner/cypress_runner.js:114812:14)",
                "diff": null
              },
              "uuid": "8f1ea5ec-7b44-455a-9414-8bd783d91cf9",
              "parentUUID": "3b31ff7e-eef0-477b-9936-5ff94107dfd3",
              "isHook": false,
              "skipped": false
            }
          ],
          "suites": [],
          "passes": [],
          "failures": [
            "8f1ea5ec-7b44-455a-9414-8bd783d91cf9"
          ],
          "pending": [],
          "skipped": [],
          "duration": 688,
          "root": false,
          "rootEmpty": false,
          "_timeout": 2000
        },
        {
          "uuid": "182d553e-dca7-4600-8cf7-0137a02c14ef",
          "title": "16 - [TELA DE FEEDBACK] Crie a opção para a pessoa jogadora poder visualizar a tela de _ranking_",
          "fullFile": "",
          "file": "",
          "beforeHooks": [],
          "afterHooks": [],
          "tests": [
            {
              "title": "Será validado se ao clicar no botão \"Ranking\" a pessoa é redirecionada para tela de ranking",
              "fullTitle": "16 - [TELA DE FEEDBACK] Crie a opção para a pessoa jogadora poder visualizar a tela de _ranking_ Será validado se ao clicar no botão \"Ranking\" a pessoa é redirecionada para tela de ranking",
              "timedOut": null,
              "duration": 692,
              "state": "failed",
              "speed": null,
              "pass": false,
              "fail": true,
              "pending": false,
              "context": null,
              "code": "cy.get(BUTTON_RANKING_SELECTOR).click();\ncy.get(RANKING_TITLE_SELECTOR).should('exist');",
              "err": {
                "message": "CypressError: cy.visit() failed trying to load:\n\nhttp://localhost:3000/\n\nWe attempted to make an http request to this URL but the request failed without a response.\n\nWe received this error at the network level:\n\n  > Error: connect ECONNREFUSED 127.0.0.1:3000\n\nCommon situations why this would fail:\n  - you don't have internet access\n  - you forgot to run / boot your web server\n  - your web server isn't accessible\n  - you have weird network configuration settings on your computer\n\nThe stack trace for this error is:\n\nError: connect ECONNREFUSED 127.0.0.1:3000\n    at TCPConnectWrap.afterConnect [as oncomplete] (net.js:1056:14)\n\n\nBecause this error occurred during a 'before each' hook we are skipping the remaining tests in the current suite: '16 - [TELA DE FEEDBACK] Cri...'",
                "estack": "CypressError: cy.visit() failed trying to load:\n\nhttp://localhost:3000/\n\nWe attempted to make an http request to this URL but the request failed without a response.\n\nWe received this error at the network level:\n\n  > Error: connect ECONNREFUSED 127.0.0.1:3000\n\nCommon situations why this would fail:\n  - you don't have internet access\n  - you forgot to run / boot your web server\n  - your web server isn't accessible\n  - you have weird network configuration settings on your computer\n\nThe stack trace for this error is:\n\nError: connect ECONNREFUSED 127.0.0.1:3000\n    at TCPConnectWrap.afterConnect [as oncomplete] (net.js:1056:14)\n\n\nBecause this error occurred during a 'before each' hook we are skipping the remaining tests in the current suite: '16 - [TELA DE FEEDBACK] Cri...'\n    at Object.cypressErr (http://localhost:34905/__cypress/runner/cypress_runner.js:86207:11)\n    at Object.throwErr (http://localhost:34905/__cypress/runner/cypress_runner.js:86162:18)\n    at Object.throwErrByPath (http://localhost:34905/__cypress/runner/cypress_runner.js:86194:17)\n    at http://localhost:34905/__cypress/runner/cypress_runner.js:71500:31\n    at visitFailedByErr (http://localhost:34905/__cypress/runner/cypress_runner.js:71006:12)\n    at http://localhost:34905/__cypress/runner/cypress_runner.js:71499:22\n    at tryCatcher (http://localhost:34905/__cypress/runner/cypress_runner.js:120203:23)\n    at Promise._settlePromiseFromHandler (http://localhost:34905/__cypress/runner/cypress_runner.js:118139:31)\n    at Promise._settlePromise (http://localhost:34905/__cypress/runner/cypress_runner.js:118196:18)\n    at Promise._settlePromise0 (http://localhost:34905/__cypress/runner/cypress_runner.js:118241:10)\n    at Promise._settlePromises (http://localhost:34905/__cypress/runner/cypress_runner.js:118316:18)\n    at Async../node_modules/bluebird/js/release/async.js.Async._drainQueue (http://localhost:34905/__cypress/runner/cypress_runner.js:114928:16)\n    at Async../node_modules/bluebird/js/release/async.js.Async._drainQueues (http://localhost:34905/__cypress/runner/cypress_runner.js:114938:10)\n    at Async.drainQueues (http://localhost:34905/__cypress/runner/cypress_runner.js:114812:14)",
                "diff": null
              },
              "uuid": "765251e8-e046-48b3-9fc4-6e1332c3a5e4",
              "parentUUID": "182d553e-dca7-4600-8cf7-0137a02c14ef",
              "isHook": false,
              "skipped": false
            }
          ],
          "suites": [],
          "passes": [],
          "failures": [
            "765251e8-e046-48b3-9fc4-6e1332c3a5e4"
          ],
          "pending": [],
          "skipped": [],
          "duration": 692,
          "root": false,
          "rootEmpty": false,
          "_timeout": 2000
        }
      ],
      "passes": [],
      "failures": [],
      "pending": [],
      "skipped": [],
      "duration": 0,
      "root": true,
      "rootEmpty": true,
      "_timeout": 2000
    }
  ],
  "meta": {
    "mocha": {
      "version": "7.2.0"
    },
    "mochawesome": {
      "options": {
        "quiet": false,
        "reportFilename": "mochawesome",
        "saveHtml": false,
        "saveJson": true,
        "consoleReporter": "spec",
        "useInlineDiffs": false,
        "code": true
      },
      "version": "6.3.1"
    },
    "marge": {
      "options": {
        "id": "default",
        "reportDir": "cypress/reports",
        "overwrite": false,
        "html": false,
        "json": true
      },
      "version": "5.2.0"
    }
  }
}